#
# There is insufficient memory for the Java Runtime Environment to continue.
# Native memory allocation (malloc) failed to allocate 1978416 bytes for Chunk::new
# Possible reasons:
#   The system is out of physical RAM or swap space
#   The process is running with CompressedOops enabled, and the Java Heap may be blocking the growth of the native heap
# Possible solutions:
#   Reduce memory load on the system
#   Increase physical memory or swap space
#   Check if swap backing store is full
#   Decrease Java heap size (-Xmx/-Xms)
#   Decrease number of Java threads
#   Decrease Java thread stack sizes (-Xss)
#   Set larger code cache with -XX:ReservedCodeCacheSize=
#   JVM is running with Unscaled Compressed Oops mode in which the Java heap is
#     placed in the first 4GB address space. The Java Heap base address is the
#     maximum limit for the native heap growth. Please use -XX:HeapBaseMinAddress
#     to set the Java Heap base and to place the Java Heap above 4GB virtual address.
# This output file may be truncated or incomplete.
#
#  Out of Memory Error (./src/hotspot/share/memory/arena.cpp:197), pid=2400, tid=11684
#
# JRE version: OpenJDK Runtime Environment (11.0.12+7) (build 11.0.12+7-b1504.28-7817840)
# Java VM: OpenJDK 64-Bit Server VM (11.0.12+7-b1504.28-7817840, mixed mode, tiered, compressed oops, g1 gc, windows-amd64)
# No core dump will be written. Minidumps are not enabled by default on client versions of Windows
#

---------------  S U M M A R Y ------------

Command Line: --add-opens=java.base/java.util=ALL-UNNAMED --add-opens=java.base/java.lang=ALL-UNNAMED --add-opens=java.base/java.lang.invoke=ALL-UNNAMED --add-opens=java.prefs/java.util.prefs=ALL-UNNAMED -Xmx2048m -Dfile.encoding=windows-1252 -Duser.country=ES -Duser.language=es -Duser.variant org.gradle.launcher.daemon.bootstrap.GradleDaemon 6.1.1

Host: Intel(R) Core(TM) i5-1035G1 CPU @ 1.00GHz, 8 cores, 11G,  Windows 10 , 64 bit Build 19041 (10.0.19041.1706)
Time: Wed May 25 14:31:07 2022 Hora de verano romance elapsed time: 183.937268 seconds (0d 0h 3m 3s)

---------------  T H R E A D  ---------------

Current thread (0x00000202fb53a800):  JavaThread "C2 CompilerThread2" daemon [_thread_in_native, id=11684, stack(0x0000006fe8d00000,0x0000006fe8e00000)]


Current CompileTask:
C2: 183937 17543 %     4       org.gradle.api.internal.tasks.compile.incremental.asm.ClassDependenciesVisitor::collectRemainingClassDependencies @ 9 (129 bytes)

Stack: [0x0000006fe8d00000,0x0000006fe8e00000]
Native frames: (J=compiled Java code, j=interpreted, Vv=VM code, C=native code)
V  [jvm.dll+0x5fbcea]
V  [jvm.dll+0x731905]
V  [jvm.dll+0x732f1d]
V  [jvm.dll+0x7335d3]
V  [jvm.dll+0x247bf8]
V  [jvm.dll+0xc018c]
V  [jvm.dll+0xc06cc]
V  [jvm.dll+0x35b31d]
V  [jvm.dll+0x328803]
V  [jvm.dll+0x327cfa]
V  [jvm.dll+0x200602]
V  [jvm.dll+0x1ff794]
V  [jvm.dll+0x18868c]
V  [jvm.dll+0x20e0d7]
V  [jvm.dll+0x20c901]
V  [jvm.dll+0x6f9b7f]
V  [jvm.dll+0x6f26a5]
V  [jvm.dll+0x5fabf6]
C  [ucrtbase.dll+0x21bb2]
C  [KERNEL32.DLL+0x17034]
C  [ntdll.dll+0x52651]


---------------  P R O C E S S  ---------------

Threads class SMR info:
_java_thread_list=0x00000202813ed2d0, length=67, elements={
0x00000202d8adb800, 0x00000202f5763000, 0x00000202f576c800, 0x00000202f57c3000,
0x00000202f57c4800, 0x00000202f57ca000, 0x00000202f57cb000, 0x00000202f57ce000,
0x00000202f57cf000, 0x00000202f5945000, 0x00000202f7a2a800, 0x00000202f5b3e800,
0x00000202f6a58800, 0x00000202f7798800, 0x00000202f7796000, 0x00000202f7799800,
0x00000202f7797800, 0x00000202f817c800, 0x00000202f817f000, 0x00000202f817d800,
0x00000202f817a000, 0x00000202f817e800, 0x00000202f8179800, 0x00000202f8180000,
0x00000202f817b000, 0x00000202f98fd800, 0x00000202f9900000, 0x00000202f9901800,
0x00000202f98fe800, 0x00000202f98fc000, 0x00000202f9905800, 0x00000202f9905000,
0x00000202f9907800, 0x00000202f9906800, 0x00000202f9904000, 0x00000202f9902800,
0x00000202f9903000, 0x00000202f9909000, 0x00000202f9909800, 0x00000202f990a800,
0x00000202f779a000, 0x00000202f7794800, 0x00000202f779b000, 0x00000202f7795000,
0x00000202f7797000, 0x00000202febab800, 0x00000202febae000, 0x00000202febaf000,
0x00000202febac800, 0x00000202febad800, 0x00000202febaa000, 0x00000202febb0000,
0x00000202febab000, 0x00000202febb0800, 0x00000202febb4000, 0x00000202febb3000,
0x00000202febb4800, 0x00000202febb7000, 0x00000202ff64c000, 0x00000202ff64b000,
0x00000202ff647800, 0x00000202ff648800, 0x00000202ff64a000, 0x00000202ff646000,
0x00000202ff649800, 0x00000202fb319800, 0x00000202fb53a800
}

Java Threads: ( => current thread )
  0x00000202d8adb800 JavaThread "main" [_thread_blocked, id=4032, stack(0x0000006fe4300000,0x0000006fe4400000)]
  0x00000202f5763000 JavaThread "Reference Handler" daemon [_thread_blocked, id=7368, stack(0x0000006fe4a00000,0x0000006fe4b00000)]
  0x00000202f576c800 JavaThread "Finalizer" daemon [_thread_blocked, id=3280, stack(0x0000006fe4b00000,0x0000006fe4c00000)]
  0x00000202f57c3000 JavaThread "Signal Dispatcher" daemon [_thread_blocked, id=6472, stack(0x0000006fe4c00000,0x0000006fe4d00000)]
  0x00000202f57c4800 JavaThread "Attach Listener" daemon [_thread_blocked, id=14048, stack(0x0000006fe4d00000,0x0000006fe4e00000)]
  0x00000202f57ca000 JavaThread "Service Thread" daemon [_thread_blocked, id=13668, stack(0x0000006fe4e00000,0x0000006fe4f00000)]
  0x00000202f57cb000 JavaThread "C2 CompilerThread0" daemon [_thread_in_native, id=11476, stack(0x0000006fe4f00000,0x0000006fe5000000)]
  0x00000202f57ce000 JavaThread "C1 CompilerThread0" daemon [_thread_blocked, id=1560, stack(0x0000006fe5000000,0x0000006fe5100000)]
  0x00000202f57cf000 JavaThread "Sweeper thread" daemon [_thread_blocked, id=32, stack(0x0000006fe5100000,0x0000006fe5200000)]
  0x00000202f5945000 JavaThread "Common-Cleaner" daemon [_thread_blocked, id=8236, stack(0x0000006fe5200000,0x0000006fe5300000)]
  0x00000202f7a2a800 JavaThread "Daemon health stats" [_thread_blocked, id=8656, stack(0x0000006fe5900000,0x0000006fe5a00000)]
  0x00000202f5b3e800 JavaThread "Incoming local TCP Connector on port 61907" [_thread_in_native, id=11064, stack(0x0000006fe5400000,0x0000006fe5500000)]
  0x00000202f6a58800 JavaThread "Daemon periodic checks" [_thread_blocked, id=10028, stack(0x0000006fe5800000,0x0000006fe5900000)]
  0x00000202f7798800 JavaThread "Cache worker for journal cache (C:\Users\israp\.gradle\caches\journal-1)" [_thread_blocked, id=6164, stack(0x0000006fe6200000,0x0000006fe6300000)]
  0x00000202f7796000 JavaThread "File lock request listener" [_thread_in_native, id=2336, stack(0x0000006fe6300000,0x0000006fe6400000)]
  0x00000202f7799800 JavaThread "Cache worker for file hash cache (C:\Users\israp\.gradle\caches\6.1.1\fileHashes)" [_thread_blocked, id=7948, stack(0x0000006fe6400000,0x0000006fe6500000)]
  0x00000202f7797800 JavaThread "Cache worker for execution history cache (C:\Users\israp\.gradle\caches\6.1.1\executionHistory)" [_thread_blocked, id=8308, stack(0x0000006fe6f00000,0x0000006fe7000000)]
  0x00000202f817c800 JavaThread "Daemon Thread 2" [_thread_blocked, id=2064, stack(0x0000006fe4000000,0x0000006fe4100000)]
  0x00000202f817f000 JavaThread "Handler for socket connection from /127.0.0.1:61907 to /127.0.0.1:61939" [_thread_in_native, id=5852, stack(0x0000006fe4100000,0x0000006fe4200000)]
  0x00000202f817d800 JavaThread "Cancel handler" [_thread_blocked, id=12620, stack(0x0000006fe4200000,0x0000006fe4300000)]
  0x00000202f817a000 JavaThread "Daemon worker Thread 2" [_thread_blocked, id=6492, stack(0x0000006fe5a00000,0x0000006fe5b00000)]
  0x00000202f817e800 JavaThread "Asynchronous log dispatcher for DefaultDaemonConnection: socket connection from /127.0.0.1:61907 to /127.0.0.1:61939" [_thread_blocked, id=6988, stack(0x0000006fe5b00000,0x0000006fe5c00000)]
  0x00000202f8179800 JavaThread "Stdin handler" [_thread_blocked, id=8056, stack(0x0000006fe5c00000,0x0000006fe5d00000)]
  0x00000202f8180000 JavaThread "Thread-39" [_thread_blocked, id=13644, stack(0x0000006fe5d00000,0x0000006fe5e00000)]
  0x00000202f817b000 JavaThread "Cache worker for checksums cache (C:\Users\israp\AndroidStudioProjects\DoodlzApp\.gradle\checksums)" [_thread_blocked, id=13012, stack(0x0000006fe5e00000,0x0000006fe5f00000)]
  0x00000202f98fd800 JavaThread "Cache worker for file hash cache (C:\Users\israp\AndroidStudioProjects\DoodlzApp\.gradle\6.1.1\fileHashes)" [_thread_blocked, id=11608, stack(0x0000006fe5f00000,0x0000006fe6000000)]
  0x00000202f9900000 JavaThread "Cache worker for cache directory md-supplier (C:\Users\israp\.gradle\caches\6.1.1\md-supplier)" [_thread_blocked, id=924, stack(0x0000006fe6000000,0x0000006fe6100000)]
  0x00000202f9901800 JavaThread "Cache worker for cache directory md-rule (C:\Users\israp\.gradle\caches\6.1.1\md-rule)" [_thread_blocked, id=1012, stack(0x0000006fe6100000,0x0000006fe6200000)]
  0x00000202f98fe800 JavaThread "Build operations" [_thread_blocked, id=7820, stack(0x0000006fe6b00000,0x0000006fe6c00000)]
  0x00000202f98fc000 JavaThread "Build operations Thread 2" [_thread_blocked, id=10504, stack(0x0000006fe6c00000,0x0000006fe6d00000)]
  0x00000202f9905800 JavaThread "Build operations Thread 3" [_thread_blocked, id=1120, stack(0x0000006fe6d00000,0x0000006fe6e00000)]
  0x00000202f9905000 JavaThread "Build operations Thread 4" [_thread_blocked, id=2536, stack(0x0000006fe6e00000,0x0000006fe6f00000)]
  0x00000202f9907800 JavaThread "Build operations Thread 5" [_thread_blocked, id=13492, stack(0x0000006fe7000000,0x0000006fe7100000)]
  0x00000202f9906800 JavaThread "Build operations Thread 6" [_thread_blocked, id=12244, stack(0x0000006fe7100000,0x0000006fe7200000)]
  0x00000202f9904000 JavaThread "Build operations Thread 7" [_thread_blocked, id=7216, stack(0x0000006fe7200000,0x0000006fe7300000)]
  0x00000202f9902800 JavaThread "Build operations Thread 8" [_thread_blocked, id=11812, stack(0x0000006fe7300000,0x0000006fe7400000)]
  0x00000202f9903000 JavaThread "Cache worker for Build Output Cleanup Cache (C:\Users\israp\AndroidStudioProjects\DoodlzApp\.gradle\buildOutputCleanup)" [_thread_blocked, id=1504, stack(0x0000006fe7500000,0x0000006fe7600000)]
  0x00000202f9909000 JavaThread "Memory manager" [_thread_blocked, id=12652, stack(0x0000006fe7600000,0x0000006fe7700000)]
  0x00000202f9909800 JavaThread "Cache worker for file content cache (C:\Users\israp\.gradle\caches\6.1.1\fileContent)" [_thread_blocked, id=800, stack(0x0000006fe7700000,0x0000006fe7800000)]
  0x00000202f990a800 JavaThread "Cache worker for file content cache (C:\Users\israp\AndroidStudioProjects\DoodlzApp\.gradle\6.1.1\fileContent)" [_thread_blocked, id=10664, stack(0x0000006fe7800000,0x0000006fe7900000)]
  0x00000202f779a000 JavaThread "Execution worker for ':'" [_thread_blocked, id=7656, stack(0x0000006fe7b00000,0x0000006fe7c00000)]
  0x00000202f7794800 JavaThread "Execution worker for ':' Thread 2" [_thread_in_Java, id=8716, stack(0x0000006fe7c00000,0x0000006fe7d00000)]
  0x00000202f779b000 JavaThread "Execution worker for ':' Thread 3" [_thread_blocked, id=13156, stack(0x0000006fe7d00000,0x0000006fe7e00000)]
  0x00000202f7795000 JavaThread "Execution worker for ':' Thread 4" [_thread_in_Java, id=1248, stack(0x0000006fe7e00000,0x0000006fe7f00000)]
  0x00000202f7797000 JavaThread "Execution worker for ':' Thread 5" [_thread_blocked, id=13384, stack(0x0000006fe7f00000,0x0000006fe8000000)]
  0x00000202febab800 JavaThread "Execution worker for ':' Thread 6" [_thread_blocked, id=1968, stack(0x0000006fe8000000,0x0000006fe8100000)]
  0x00000202febae000 JavaThread "Execution worker for ':' Thread 7" [_thread_blocked, id=13824, stack(0x0000006fe8100000,0x0000006fe8200000)]
  0x00000202febaf000 JavaThread "Cache worker for execution history cache (C:\Users\israp\AndroidStudioProjects\DoodlzApp\.gradle\6.1.1\executionHistory)" [_thread_blocked, id=7372, stack(0x0000006fe8200000,0x0000006fe8300000)]
  0x00000202febac800 JavaThread "pool-5-thread-1" [_thread_blocked, id=12604, stack(0x0000006fe8400000,0x0000006fe8500000)]
  0x00000202febad800 JavaThread "stderr" [_thread_in_native, id=4612, stack(0x0000006fe8500000,0x0000006fe8600000)]
  0x00000202febaa000 JavaThread "stderr" [_thread_in_native, id=12672, stack(0x0000006fe8600000,0x0000006fe8700000)]
  0x00000202febb0000 JavaThread "stderr" [_thread_in_native, id=4560, stack(0x0000006fe8700000,0x0000006fe8800000)]
  0x00000202febab000 JavaThread "stdout" [_thread_in_native, id=2972, stack(0x0000006fe8800000,0x0000006fe8900000)]
  0x00000202febb0800 JavaThread "stdout" [_thread_in_native, id=5916, stack(0x0000006fe8900000,0x0000006fe8a00000)]
  0x00000202febb4000 JavaThread "stdout" [_thread_in_native, id=1136, stack(0x0000006fe8a00000,0x0000006fe8b00000)]
  0x00000202febb3000 JavaThread "stderr" [_thread_in_native, id=11524, stack(0x0000006fe8b00000,0x0000006fe8c00000)]
  0x00000202febb4800 JavaThread "stdout" [_thread_in_native, id=11340, stack(0x0000006fe8c00000,0x0000006fe8d00000)]
  0x00000202febb7000 JavaThread "WorkerExecutor Queue Thread 5" [_thread_blocked, id=5044, stack(0x0000006fe9000000,0x0000006fe9100000)]
  0x00000202ff64c000 JavaThread "Java2D Disposer" daemon [_thread_blocked, id=556, stack(0x0000006fe9600000,0x0000006fe9700000)]
  0x00000202ff64b000 JavaThread "stderr" [_thread_in_native, id=10052, stack(0x0000006fe9700000,0x0000006fe9800000)]
  0x00000202ff647800 JavaThread "stdout" [_thread_in_native, id=5412, stack(0x0000006fe9800000,0x0000006fe9900000)]
  0x00000202ff648800 JavaThread "stderr" [_thread_in_native, id=7496, stack(0x0000006fe9900000,0x0000006fe9a00000)]
  0x00000202ff64a000 JavaThread "stdout" [_thread_in_native, id=1868, stack(0x0000006fe9a00000,0x0000006fe9b00000)]
  0x00000202ff646000 JavaThread "Cache worker for Java compile cache (C:\Users\israp\.gradle\caches\6.1.1\javaCompile)" [_thread_blocked, id=10376, stack(0x0000006fe7400000,0x0000006fe7500000)]
  0x00000202ff649800 JavaThread "Cache worker for Java compile cache (C:\Users\israp\AndroidStudioProjects\DoodlzApp\.gradle\6.1.1\javaCompile)" [_thread_blocked, id=13972, stack(0x0000006fe8300000,0x0000006fe8400000)]
  0x00000202fb319800 JavaThread "C2 CompilerThread1" daemon [_thread_in_native, id=8820, stack(0x0000006fe6a00000,0x0000006fe6b00000)]
=>0x00000202fb53a800 JavaThread "C2 CompilerThread2" daemon [_thread_in_native, id=11684, stack(0x0000006fe8d00000,0x0000006fe8e00000)]

Other Threads:
  0x00000202f4f3c000 VMThread "VM Thread" [stack: 0x0000006fe4900000,0x0000006fe4a00000] [id=8240]
  0x00000202f5961000 WatcherThread [stack: 0x0000006fe5300000,0x0000006fe5400000] [id=11540]
  0x00000202d8af3800 GCTaskThread "GC Thread#0" [stack: 0x0000006fe4400000,0x0000006fe4500000] [id=13440]
  0x00000202f6614000 GCTaskThread "GC Thread#1" [stack: 0x0000006fe5500000,0x0000006fe5600000] [id=12808]
  0x00000202f663b000 GCTaskThread "GC Thread#2" [stack: 0x0000006fe5600000,0x0000006fe5700000] [id=6920]
  0x00000202f663c000 GCTaskThread "GC Thread#3" [stack: 0x0000006fe5700000,0x0000006fe5800000] [id=13780]
  0x00000202f7814000 GCTaskThread "GC Thread#4" [stack: 0x0000006fe6500000,0x0000006fe6600000] [id=5488]
  0x00000202f7814800 GCTaskThread "GC Thread#5" [stack: 0x0000006fe6600000,0x0000006fe6700000] [id=12228]
  0x00000202f78b3800 GCTaskThread "GC Thread#6" [stack: 0x0000006fe6700000,0x0000006fe6800000] [id=13604]
  0x00000202f78b4800 GCTaskThread "GC Thread#7" [stack: 0x0000006fe6800000,0x0000006fe6900000] [id=5144]
  0x00000202d8b26800 ConcurrentGCThread "G1 Main Marker" [stack: 0x0000006fe4500000,0x0000006fe4600000] [id=8724]
  0x00000202d8b28800 ConcurrentGCThread "G1 Conc#0" [stack: 0x0000006fe4600000,0x0000006fe4700000] [id=1448]
  0x00000202f6594000 ConcurrentGCThread "G1 Conc#1" [stack: 0x0000006fe6900000,0x0000006fe6a00000] [id=9016]
  0x00000202f4da2800 ConcurrentGCThread "G1 Refine#0" [stack: 0x0000006fe4700000,0x0000006fe4800000] [id=4724]
  0x00000202fcfab000 ConcurrentGCThread "G1 Refine#1" [stack: 0x0000006fe7900000,0x0000006fe7a00000] [id=8272]
  0x00000202d8bbe800 ConcurrentGCThread "G1 Young RemSet Sampling" [stack: 0x0000006fe4800000,0x0000006fe4900000] [id=8936]

Threads with active compile tasks:
C2 CompilerThread0 183961 17353       4       org.objectweb.asm.ClassReader::readField (667 bytes)
C2 CompilerThread1 183961 17544       4       org.objectweb.asm.ClassReader::accept (1251 bytes)
C2 CompilerThread2 183961 17543 %     4       org.gradle.api.internal.tasks.compile.incremental.asm.ClassDependenciesVisitor::collectRemainingClassDependencies @ 9 (129 bytes)

VM state:not at safepoint (normal execution)

VM Mutex/Monitor currently owned by a thread: None

OutOfMemory and StackOverflow Exception counts:
OutOfMemoryError java_heap_errors=1
LinkageErrors=218

Heap address: 0x0000000080000000, size: 2048 MB, Compressed Oops mode: 32-bit
Narrow klass base: 0x0000000000000000, Narrow klass shift: 3
Compressed class space size: 1073741824 Address: 0x0000000100000000

Heap:
 garbage-first heap   total 192512K, used 136025K [0x0000000080000000, 0x0000000100000000)
  region size 1024K, 11 young (11264K), 3 survivors (3072K)
 Metaspace       used 118305K, capacity 121282K, committed 121500K, reserved 1155072K
  class space    used 14268K, capacity 15258K, committed 15360K, reserved 1048576K
Heap Regions: E=young(eden), S=young(survivor), O=old, HS=humongous(starts), HC=humongous(continues), CS=collection set, F=free, A=archive, TAMS=top-at-mark-start (previous, next)
|   0|0x0000000080000000, 0x0000000080100000, 0x0000000080100000|100%|HS|  |TAMS 0x0000000080100000, 0x0000000080000000| Complete 
|   1|0x0000000080100000, 0x0000000080200000, 0x0000000080200000|100%|HC|  |TAMS 0x0000000080200000, 0x0000000080100000| Complete 
|   2|0x0000000080200000, 0x0000000080300000, 0x0000000080300000|100%|HS|  |TAMS 0x0000000080300000, 0x0000000080200000| Complete 
|   3|0x0000000080300000, 0x0000000080400000, 0x0000000080400000|100%|HS|  |TAMS 0x0000000080400000, 0x0000000080300000| Complete 
|   4|0x0000000080400000, 0x0000000080500000, 0x0000000080500000|100%|HC|  |TAMS 0x0000000080500000, 0x0000000080400000| Complete 
|   5|0x0000000080500000, 0x0000000080600000, 0x0000000080600000|100%|HC|  |TAMS 0x0000000080600000, 0x0000000080500000| Complete 
|   6|0x0000000080600000, 0x0000000080700000, 0x0000000080700000|100%| O|  |TAMS 0x0000000080700000, 0x0000000080600000| Untracked 
|   7|0x0000000080700000, 0x0000000080800000, 0x0000000080800000|100%| O|  |TAMS 0x0000000080800000, 0x0000000080700000| Untracked 
|   8|0x0000000080800000, 0x0000000080900000, 0x0000000080900000|100%| O|  |TAMS 0x0000000080900000, 0x0000000080800000| Untracked 
|   9|0x0000000080900000, 0x0000000080a00000, 0x0000000080a00000|100%|HS|  |TAMS 0x0000000080a00000, 0x0000000080900000| Complete 
|  10|0x0000000080a00000, 0x0000000080b00000, 0x0000000080b00000|100%|HC|  |TAMS 0x0000000080b00000, 0x0000000080a00000| Complete 
|  11|0x0000000080b00000, 0x0000000080c00000, 0x0000000080c00000|100%|HC|  |TAMS 0x0000000080c00000, 0x0000000080b00000| Complete 
|  12|0x0000000080c00000, 0x0000000080d00000, 0x0000000080d00000|100%|HS|  |TAMS 0x0000000080d00000, 0x0000000080c00000| Complete 
|  13|0x0000000080d00000, 0x0000000080e00000, 0x0000000080e00000|100%|HC|  |TAMS 0x0000000080e00000, 0x0000000080d00000| Complete 
|  14|0x0000000080e00000, 0x0000000080f00000, 0x0000000080f00000|100%|HC|  |TAMS 0x0000000080f00000, 0x0000000080e00000| Complete 
|  15|0x0000000080f00000, 0x0000000081000000, 0x0000000081000000|100%|HC|  |TAMS 0x0000000081000000, 0x0000000080f00000| Complete 
|  16|0x0000000081000000, 0x0000000081100000, 0x0000000081100000|100%| O|  |TAMS 0x0000000081100000, 0x0000000081000000| Untracked 
|  17|0x0000000081100000, 0x0000000081200000, 0x0000000081200000|100%| O|  |TAMS 0x0000000081200000, 0x0000000081100000| Untracked 
|  18|0x0000000081200000, 0x0000000081300000, 0x0000000081300000|100%| O|  |TAMS 0x0000000081300000, 0x0000000081200000| Untracked 
|  19|0x0000000081300000, 0x0000000081400000, 0x0000000081400000|100%| O|  |TAMS 0x0000000081400000, 0x0000000081300000| Untracked 
|  20|0x0000000081400000, 0x0000000081500000, 0x0000000081500000|100%| O|  |TAMS 0x0000000081500000, 0x0000000081400000| Untracked 
|  21|0x0000000081500000, 0x0000000081600000, 0x0000000081600000|100%| O|  |TAMS 0x0000000081600000, 0x0000000081500000| Untracked 
|  22|0x0000000081600000, 0x0000000081700000, 0x0000000081700000|100%| O|  |TAMS 0x0000000081700000, 0x0000000081600000| Untracked 
|  23|0x0000000081700000, 0x0000000081800000, 0x0000000081800000|100%| O|  |TAMS 0x0000000081800000, 0x0000000081700000| Untracked 
|  24|0x0000000081800000, 0x0000000081900000, 0x0000000081900000|100%| O|  |TAMS 0x0000000081900000, 0x0000000081800000| Untracked 
|  25|0x0000000081900000, 0x0000000081a00000, 0x0000000081a00000|100%| O|  |TAMS 0x0000000081a00000, 0x0000000081900000| Untracked 
|  26|0x0000000081a00000, 0x0000000081b00000, 0x0000000081b00000|100%| O|  |TAMS 0x0000000081b00000, 0x0000000081a00000| Untracked 
|  27|0x0000000081b00000, 0x0000000081c00000, 0x0000000081c00000|100%|HS|  |TAMS 0x0000000081c00000, 0x0000000081b00000| Complete 
|  28|0x0000000081c00000, 0x0000000081d00000, 0x0000000081d00000|100%|HC|  |TAMS 0x0000000081d00000, 0x0000000081c00000| Complete 
|  29|0x0000000081d00000, 0x0000000081e00000, 0x0000000081e00000|100%| O|  |TAMS 0x0000000081e00000, 0x0000000081d00000| Untracked 
|  30|0x0000000081e00000, 0x0000000081f00000, 0x0000000081f00000|100%| O|  |TAMS 0x0000000081f00000, 0x0000000081e00000| Untracked 
|  31|0x0000000081f00000, 0x0000000082000000, 0x0000000082000000|100%| O|  |TAMS 0x0000000082000000, 0x0000000081f00000| Untracked 
|  32|0x0000000082000000, 0x0000000082100000, 0x0000000082100000|100%|HS|  |TAMS 0x0000000082100000, 0x0000000082000000| Complete 
|  33|0x0000000082100000, 0x0000000082200000, 0x0000000082200000|100%|HC|  |TAMS 0x0000000082200000, 0x0000000082100000| Complete 
|  34|0x0000000082200000, 0x0000000082300000, 0x0000000082300000|100%|HC|  |TAMS 0x0000000082300000, 0x0000000082200000| Complete 
|  35|0x0000000082300000, 0x0000000082400000, 0x0000000082400000|100%| O|  |TAMS 0x0000000082400000, 0x0000000082300000| Untracked 
|  36|0x0000000082400000, 0x0000000082500000, 0x0000000082500000|100%| O|  |TAMS 0x0000000082500000, 0x0000000082400000| Untracked 
|  37|0x0000000082500000, 0x0000000082600000, 0x0000000082600000|100%| O|  |TAMS 0x0000000082600000, 0x0000000082500000| Untracked 
|  38|0x0000000082600000, 0x0000000082700000, 0x0000000082700000|100%| O|  |TAMS 0x0000000082700000, 0x0000000082600000| Untracked 
|  39|0x0000000082700000, 0x0000000082800000, 0x0000000082800000|100%| O|  |TAMS 0x0000000082800000, 0x0000000082700000| Untracked 
|  40|0x0000000082800000, 0x0000000082900000, 0x0000000082900000|100%| O|  |TAMS 0x0000000082900000, 0x0000000082800000| Untracked 
|  41|0x0000000082900000, 0x0000000082a00000, 0x0000000082a00000|100%| O|  |TAMS 0x0000000082a00000, 0x0000000082900000| Untracked 
|  42|0x0000000082a00000, 0x0000000082b00000, 0x0000000082b00000|100%| O|  |TAMS 0x0000000082b00000, 0x0000000082a00000| Untracked 
|  43|0x0000000082b00000, 0x0000000082c00000, 0x0000000082c00000|100%| O|  |TAMS 0x0000000082c00000, 0x0000000082b00000| Untracked 
|  44|0x0000000082c00000, 0x0000000082d00000, 0x0000000082d00000|100%| O|  |TAMS 0x0000000082d00000, 0x0000000082c00000| Untracked 
|  45|0x0000000082d00000, 0x0000000082e00000, 0x0000000082e00000|100%| O|  |TAMS 0x0000000082e00000, 0x0000000082d00000| Untracked 
|  46|0x0000000082e00000, 0x0000000082f00000, 0x0000000082f00000|100%| O|  |TAMS 0x0000000082f00000, 0x0000000082e00000| Untracked 
|  47|0x0000000082f00000, 0x0000000083000000, 0x0000000083000000|100%| O|  |TAMS 0x0000000083000000, 0x0000000082f00000| Untracked 
|  48|0x0000000083000000, 0x0000000083100000, 0x0000000083100000|100%| O|  |TAMS 0x0000000083100000, 0x0000000083000000| Untracked 
|  49|0x0000000083100000, 0x0000000083200000, 0x0000000083200000|100%| O|  |TAMS 0x0000000083200000, 0x0000000083100000| Untracked 
|  50|0x0000000083200000, 0x0000000083300000, 0x0000000083300000|100%| O|  |TAMS 0x0000000083300000, 0x0000000083200000| Untracked 
|  51|0x0000000083300000, 0x0000000083400000, 0x0000000083400000|100%| O|  |TAMS 0x0000000083400000, 0x0000000083300000| Untracked 
|  52|0x0000000083400000, 0x0000000083500000, 0x0000000083500000|100%| O|  |TAMS 0x0000000083500000, 0x0000000083400000| Untracked 
|  53|0x0000000083500000, 0x0000000083600000, 0x0000000083600000|100%|HS|  |TAMS 0x0000000083600000, 0x0000000083500000| Complete 
|  54|0x0000000083600000, 0x0000000083700000, 0x0000000083700000|100%|HC|  |TAMS 0x0000000083700000, 0x0000000083600000| Complete 
|  55|0x0000000083700000, 0x0000000083800000, 0x0000000083800000|100%|HS|  |TAMS 0x0000000083800000, 0x0000000083700000| Complete 
|  56|0x0000000083800000, 0x0000000083900000, 0x0000000083900000|100%|HC|  |TAMS 0x0000000083900000, 0x0000000083800000| Complete 
|  57|0x0000000083900000, 0x0000000083a00000, 0x0000000083a00000|100%|HC|  |TAMS 0x0000000083a00000, 0x0000000083900000| Complete 
|  58|0x0000000083a00000, 0x0000000083b00000, 0x0000000083b00000|100%|HS|  |TAMS 0x0000000083b00000, 0x0000000083a00000| Complete 
|  59|0x0000000083b00000, 0x0000000083c00000, 0x0000000083c00000|100%|HS|  |TAMS 0x0000000083c00000, 0x0000000083b00000| Complete 
|  60|0x0000000083c00000, 0x0000000083d00000, 0x0000000083d00000|100%|HC|  |TAMS 0x0000000083d00000, 0x0000000083c00000| Complete 
|  61|0x0000000083d00000, 0x0000000083e00000, 0x0000000083e00000|100%|HC|  |TAMS 0x0000000083e00000, 0x0000000083d00000| Complete 
|  62|0x0000000083e00000, 0x0000000083f00000, 0x0000000083f00000|100%|HC|  |TAMS 0x0000000083f00000, 0x0000000083e00000| Complete 
|  63|0x0000000083f00000, 0x0000000084000000, 0x0000000084000000|100%| O|  |TAMS 0x0000000084000000, 0x0000000083f00000| Untracked 
|  64|0x0000000084000000, 0x0000000084100000, 0x0000000084100000|100%| O|  |TAMS 0x0000000084100000, 0x0000000084000000| Untracked 
|  65|0x0000000084100000, 0x0000000084200000, 0x0000000084200000|100%| O|  |TAMS 0x0000000084200000, 0x0000000084100000| Untracked 
|  66|0x0000000084200000, 0x0000000084300000, 0x0000000084300000|100%| O|  |TAMS 0x0000000084300000, 0x0000000084200000| Untracked 
|  67|0x0000000084300000, 0x0000000084400000, 0x0000000084400000|100%| O|  |TAMS 0x0000000084400000, 0x0000000084300000| Untracked 
|  68|0x0000000084400000, 0x0000000084500000, 0x0000000084500000|100%| O|  |TAMS 0x0000000084500000, 0x0000000084400000| Untracked 
|  69|0x0000000084500000, 0x0000000084600000, 0x0000000084600000|100%| O|  |TAMS 0x0000000084600000, 0x0000000084500000| Untracked 
|  70|0x0000000084600000, 0x0000000084700000, 0x0000000084700000|100%| O|  |TAMS 0x0000000084700000, 0x0000000084600000| Untracked 
|  71|0x0000000084700000, 0x0000000084800000, 0x0000000084800000|100%| O|  |TAMS 0x0000000084800000, 0x0000000084700000| Untracked 
|  72|0x0000000084800000, 0x0000000084900000, 0x0000000084900000|100%| O|  |TAMS 0x0000000084900000, 0x0000000084800000| Untracked 
|  73|0x0000000084900000, 0x0000000084a00000, 0x0000000084a00000|100%| O|  |TAMS 0x0000000084a00000, 0x0000000084900000| Untracked 
|  74|0x0000000084a00000, 0x0000000084b00000, 0x0000000084b00000|100%| O|  |TAMS 0x0000000084b00000, 0x0000000084a00000| Untracked 
|  75|0x0000000084b00000, 0x0000000084c00000, 0x0000000084c00000|100%| O|  |TAMS 0x0000000084c00000, 0x0000000084b00000| Untracked 
|  76|0x0000000084c00000, 0x0000000084d00000, 0x0000000084d00000|100%| O|  |TAMS 0x0000000084d00000, 0x0000000084c00000| Untracked 
|  77|0x0000000084d00000, 0x0000000084e00000, 0x0000000084e00000|100%| O|  |TAMS 0x0000000084e00000, 0x0000000084d00000| Untracked 
|  78|0x0000000084e00000, 0x0000000084f00000, 0x0000000084f00000|100%| O|  |TAMS 0x0000000084f00000, 0x0000000084e00000| Untracked 
|  79|0x0000000084f00000, 0x0000000085000000, 0x0000000085000000|100%| O|  |TAMS 0x0000000084f00000, 0x0000000084f00000| Untracked 
|  80|0x0000000085000000, 0x0000000085100000, 0x0000000085100000|100%| O|  |TAMS 0x0000000085100000, 0x0000000085000000| Untracked 
|  81|0x0000000085100000, 0x0000000085200000, 0x0000000085200000|100%| O|  |TAMS 0x0000000085200000, 0x0000000085100000| Untracked 
|  82|0x0000000085200000, 0x0000000085300000, 0x0000000085300000|100%| O|  |TAMS 0x0000000085300000, 0x0000000085200000| Untracked 
|  83|0x0000000085300000, 0x0000000085400000, 0x0000000085400000|100%| O|  |TAMS 0x0000000085400000, 0x0000000085300000| Untracked 
|  84|0x0000000085400000, 0x0000000085500000, 0x0000000085500000|100%| O|  |TAMS 0x0000000085500000, 0x0000000085400000| Untracked 
|  85|0x0000000085500000, 0x0000000085600000, 0x0000000085600000|100%| O|  |TAMS 0x0000000085500000, 0x0000000085500000| Untracked 
|  86|0x0000000085600000, 0x0000000085700000, 0x0000000085700000|100%| O|  |TAMS 0x0000000085700000, 0x0000000085600000| Untracked 
|  87|0x0000000085700000, 0x0000000085800000, 0x0000000085800000|100%| O|  |TAMS 0x0000000085800000, 0x0000000085700000| Untracked 
|  88|0x0000000085800000, 0x0000000085900000, 0x0000000085900000|100%| O|  |TAMS 0x0000000085900000, 0x0000000085800000| Untracked 
|  89|0x0000000085900000, 0x0000000085a00000, 0x0000000085a00000|100%| O|  |TAMS 0x0000000085a00000, 0x0000000085900000| Untracked 
|  90|0x0000000085a00000, 0x0000000085b00000, 0x0000000085b00000|100%| O|  |TAMS 0x0000000085b00000, 0x0000000085a00000| Untracked 
|  91|0x0000000085b00000, 0x0000000085c00000, 0x0000000085c00000|100%| O|  |TAMS 0x0000000085c00000, 0x0000000085b00000| Untracked 
|  92|0x0000000085c00000, 0x0000000085d00000, 0x0000000085d00000|100%| O|  |TAMS 0x0000000085d00000, 0x0000000085c00000| Untracked 
|  93|0x0000000085d00000, 0x0000000085e00000, 0x0000000085e00000|100%| O|  |TAMS 0x0000000085e00000, 0x0000000085d00000| Untracked 
|  94|0x0000000085e00000, 0x0000000085f00000, 0x0000000085f00000|100%| O|  |TAMS 0x0000000085f00000, 0x0000000085e00000| Untracked 
|  95|0x0000000085f00000, 0x0000000086000000, 0x0000000086000000|100%| O|  |TAMS 0x0000000086000000, 0x0000000085f00000| Untracked 
|  96|0x0000000086000000, 0x0000000086100000, 0x0000000086100000|100%| O|  |TAMS 0x0000000086100000, 0x0000000086000000| Untracked 
|  97|0x0000000086100000, 0x0000000086200000, 0x0000000086200000|100%| O|  |TAMS 0x0000000086200000, 0x0000000086100000| Untracked 
|  98|0x0000000086200000, 0x0000000086300000, 0x0000000086300000|100%| O|  |TAMS 0x0000000086300000, 0x0000000086200000| Untracked 
|  99|0x0000000086300000, 0x0000000086400000, 0x0000000086400000|100%| O|  |TAMS 0x0000000086400000, 0x0000000086300000| Untracked 
| 100|0x0000000086400000, 0x0000000086500000, 0x0000000086500000|100%| O|  |TAMS 0x0000000086500000, 0x0000000086400000| Untracked 
| 101|0x0000000086500000, 0x0000000086600000, 0x0000000086600000|100%| O|  |TAMS 0x0000000086500000, 0x0000000086500000| Untracked 
| 102|0x0000000086600000, 0x0000000086700000, 0x0000000086700000|100%| O|  |TAMS 0x0000000086700000, 0x0000000086600000| Untracked 
| 103|0x0000000086700000, 0x0000000086800000, 0x0000000086800000|100%| O|  |TAMS 0x0000000086800000, 0x0000000086700000| Untracked 
| 104|0x0000000086800000, 0x0000000086900000, 0x0000000086900000|100%| O|  |TAMS 0x0000000086800000, 0x0000000086800000| Untracked 
| 105|0x0000000086900000, 0x0000000086a00000, 0x0000000086a00000|100%| O|  |TAMS 0x0000000086a00000, 0x0000000086900000| Untracked 
| 106|0x0000000086a00000, 0x0000000086b00000, 0x0000000086b00000|100%| O|  |TAMS 0x0000000086b00000, 0x0000000086a00000| Untracked 
| 107|0x0000000086b00000, 0x0000000086c00000, 0x0000000086c00000|100%| O|  |TAMS 0x0000000086c00000, 0x0000000086b00000| Untracked 
| 108|0x0000000086c00000, 0x0000000086d00000, 0x0000000086d00000|100%| O|  |TAMS 0x0000000086c00000, 0x0000000086c00000| Untracked 
| 109|0x0000000086d00000, 0x0000000086e00000, 0x0000000086e00000|100%| O|  |TAMS 0x0000000086e00000, 0x0000000086d00000| Untracked 
| 110|0x0000000086e00000, 0x0000000086f00000, 0x0000000086f00000|100%| O|  |TAMS 0x0000000086ecce00, 0x0000000086e00000| Untracked 
| 111|0x0000000086f00000, 0x0000000087000000, 0x0000000087000000|100%|HS|  |TAMS 0x0000000086f00000, 0x0000000086f00000| Complete 
| 112|0x0000000087000000, 0x0000000087100000, 0x0000000087100000|100%|HC|  |TAMS 0x0000000087000000, 0x0000000087000000| Complete 
| 113|0x0000000087100000, 0x0000000087200000, 0x0000000087200000|100%| O|  |TAMS 0x0000000087100000, 0x0000000087100000| Untracked 
| 114|0x0000000087200000, 0x0000000087300000, 0x0000000087300000|100%| O|  |TAMS 0x0000000087200000, 0x0000000087200000| Untracked 
| 115|0x0000000087300000, 0x0000000087400000, 0x0000000087400000|100%| O|  |TAMS 0x0000000087300000, 0x0000000087300000| Untracked 
| 116|0x0000000087400000, 0x0000000087500000, 0x0000000087500000|100%| O|  |TAMS 0x0000000087500000, 0x0000000087400000| Untracked 
| 117|0x0000000087500000, 0x0000000087600000, 0x0000000087600000|100%| O|  |TAMS 0x0000000087500000, 0x0000000087500000| Untracked 
| 118|0x0000000087600000, 0x0000000087700000, 0x0000000087700000|100%| O|  |TAMS 0x0000000087600000, 0x0000000087600000| Untracked 
| 119|0x0000000087700000, 0x0000000087800000, 0x0000000087800000|100%| O|  |TAMS 0x0000000087700000, 0x0000000087700000| Untracked 
| 120|0x0000000087800000, 0x0000000087900000, 0x0000000087900000|100%| O|  |TAMS 0x0000000087800000, 0x0000000087800000| Untracked 
| 121|0x0000000087900000, 0x0000000087a00000, 0x0000000087a00000|100%| O|  |TAMS 0x0000000087900000, 0x0000000087900000| Untracked 
| 122|0x0000000087a00000, 0x0000000087b00000, 0x0000000087b00000|100%| O|  |TAMS 0x0000000087a00000, 0x0000000087a00000| Untracked 
| 123|0x0000000087b00000, 0x0000000087beb800, 0x0000000087c00000| 91%| O|  |TAMS 0x0000000087b00000, 0x0000000087b00000| Untracked 
| 124|0x0000000087c00000, 0x0000000087c00000, 0x0000000087d00000|  0%| F|  |TAMS 0x0000000087c00000, 0x0000000087c00000| Untracked 
| 125|0x0000000087d00000, 0x0000000087d00000, 0x0000000087e00000|  0%| F|  |TAMS 0x0000000087d00000, 0x0000000087d00000| Untracked 
| 126|0x0000000087e00000, 0x0000000087e00000, 0x0000000087f00000|  0%| F|  |TAMS 0x0000000087e00000, 0x0000000087e00000| Untracked 
| 127|0x0000000087f00000, 0x0000000087f00000, 0x0000000088000000|  0%| F|  |TAMS 0x0000000087f00000, 0x0000000087f00000| Untracked 
| 128|0x0000000088000000, 0x0000000088000000, 0x0000000088100000|  0%| F|  |TAMS 0x0000000088000000, 0x0000000088000000| Untracked 
| 129|0x0000000088100000, 0x0000000088100000, 0x0000000088200000|  0%| F|  |TAMS 0x0000000088100000, 0x0000000088100000| Untracked 
| 130|0x0000000088200000, 0x0000000088200000, 0x0000000088300000|  0%| F|  |TAMS 0x0000000088200000, 0x0000000088200000| Untracked 
| 131|0x0000000088300000, 0x0000000088300000, 0x0000000088400000|  0%| F|  |TAMS 0x0000000088300000, 0x0000000088300000| Untracked 
| 132|0x0000000088400000, 0x0000000088400000, 0x0000000088500000|  0%| F|  |TAMS 0x0000000088400000, 0x0000000088400000| Untracked 
| 133|0x0000000088500000, 0x0000000088500000, 0x0000000088600000|  0%| F|  |TAMS 0x0000000088500000, 0x0000000088500000| Untracked 
| 134|0x0000000088600000, 0x0000000088600000, 0x0000000088700000|  0%| F|  |TAMS 0x0000000088600000, 0x0000000088600000| Untracked 
| 135|0x0000000088700000, 0x0000000088700000, 0x0000000088800000|  0%| F|  |TAMS 0x0000000088700000, 0x0000000088700000| Untracked 
| 136|0x0000000088800000, 0x0000000088800000, 0x0000000088900000|  0%| F|  |TAMS 0x0000000088800000, 0x0000000088800000| Untracked 
| 137|0x0000000088900000, 0x0000000088900000, 0x0000000088a00000|  0%| F|  |TAMS 0x0000000088900000, 0x0000000088900000| Untracked 
| 138|0x0000000088a00000, 0x0000000088a00000, 0x0000000088b00000|  0%| F|  |TAMS 0x0000000088a00000, 0x0000000088a00000| Untracked 
| 139|0x0000000088b00000, 0x0000000088b00000, 0x0000000088c00000|  0%| F|  |TAMS 0x0000000088b00000, 0x0000000088b00000| Untracked 
| 140|0x0000000088c00000, 0x0000000088c00000, 0x0000000088d00000|  0%| F|  |TAMS 0x0000000088c00000, 0x0000000088c00000| Untracked 
| 141|0x0000000088d00000, 0x0000000088d00000, 0x0000000088e00000|  0%| F|  |TAMS 0x0000000088d00000, 0x0000000088d00000| Untracked 
| 142|0x0000000088e00000, 0x0000000088e00000, 0x0000000088f00000|  0%| F|  |TAMS 0x0000000088e00000, 0x0000000088e00000| Untracked 
| 143|0x0000000088f00000, 0x0000000088f00000, 0x0000000089000000|  0%| F|  |TAMS 0x0000000088f00000, 0x0000000088f00000| Untracked 
| 144|0x0000000089000000, 0x0000000089000000, 0x0000000089100000|  0%| F|  |TAMS 0x0000000089000000, 0x0000000089000000| Untracked 
| 145|0x0000000089100000, 0x0000000089100000, 0x0000000089200000|  0%| F|  |TAMS 0x0000000089100000, 0x0000000089100000| Untracked 
| 146|0x0000000089200000, 0x0000000089200000, 0x0000000089300000|  0%| F|  |TAMS 0x0000000089200000, 0x0000000089200000| Untracked 
| 147|0x0000000089300000, 0x0000000089300000, 0x0000000089400000|  0%| F|  |TAMS 0x0000000089300000, 0x0000000089300000| Untracked 
| 148|0x0000000089400000, 0x0000000089400000, 0x0000000089500000|  0%| F|  |TAMS 0x0000000089400000, 0x0000000089400000| Untracked 
| 149|0x0000000089500000, 0x0000000089500000, 0x0000000089600000|  0%| F|  |TAMS 0x0000000089500000, 0x0000000089500000| Untracked 
| 150|0x0000000089600000, 0x00000000896eaf90, 0x0000000089700000| 91%| S|CS|TAMS 0x0000000089600000, 0x0000000089600000| Complete 
| 151|0x0000000089700000, 0x0000000089700000, 0x0000000089800000|  0%| F|  |TAMS 0x0000000089700000, 0x0000000089700000| Untracked 
| 152|0x0000000089800000, 0x0000000089800000, 0x0000000089900000|  0%| F|  |TAMS 0x0000000089800000, 0x0000000089800000| Untracked 
| 153|0x0000000089900000, 0x0000000089a00000, 0x0000000089a00000|100%| S|CS|TAMS 0x0000000089900000, 0x0000000089900000| Complete 
| 154|0x0000000089a00000, 0x0000000089b00000, 0x0000000089b00000|100%| S|CS|TAMS 0x0000000089a00000, 0x0000000089a00000| Complete 
| 155|0x0000000089b00000, 0x0000000089b00000, 0x0000000089c00000|  0%| F|  |TAMS 0x0000000089b00000, 0x0000000089b00000| Untracked 
| 156|0x0000000089c00000, 0x0000000089c00000, 0x0000000089d00000|  0%| F|  |TAMS 0x0000000089c00000, 0x0000000089c00000| Untracked 
| 157|0x0000000089d00000, 0x0000000089d00000, 0x0000000089e00000|  0%| F|  |TAMS 0x0000000089d00000, 0x0000000089d00000| Untracked 
| 158|0x0000000089e00000, 0x0000000089e00000, 0x0000000089f00000|  0%| F|  |TAMS 0x0000000089e00000, 0x0000000089e00000| Untracked 
| 159|0x0000000089f00000, 0x0000000089f00000, 0x000000008a000000|  0%| F|  |TAMS 0x0000000089f00000, 0x0000000089f00000| Untracked 
| 160|0x000000008a000000, 0x000000008a000000, 0x000000008a100000|  0%| F|  |TAMS 0x000000008a000000, 0x000000008a000000| Untracked 
| 161|0x000000008a100000, 0x000000008a100000, 0x000000008a200000|  0%| F|  |TAMS 0x000000008a100000, 0x000000008a100000| Untracked 
| 162|0x000000008a200000, 0x000000008a200000, 0x000000008a300000|  0%| F|  |TAMS 0x000000008a200000, 0x000000008a200000| Untracked 
| 163|0x000000008a300000, 0x000000008a300000, 0x000000008a400000|  0%| F|  |TAMS 0x000000008a300000, 0x000000008a300000| Untracked 
| 164|0x000000008a400000, 0x000000008a400000, 0x000000008a500000|  0%| F|  |TAMS 0x000000008a400000, 0x000000008a400000| Untracked 
| 165|0x000000008a500000, 0x000000008a500000, 0x000000008a600000|  0%| F|  |TAMS 0x000000008a500000, 0x000000008a500000| Untracked 
| 166|0x000000008a600000, 0x000000008a600000, 0x000000008a700000|  0%| F|  |TAMS 0x000000008a600000, 0x000000008a600000| Untracked 
| 167|0x000000008a700000, 0x000000008a700000, 0x000000008a800000|  0%| F|  |TAMS 0x000000008a700000, 0x000000008a700000| Untracked 
| 168|0x000000008a800000, 0x000000008a800000, 0x000000008a900000|  0%| F|  |TAMS 0x000000008a800000, 0x000000008a800000| Untracked 
| 169|0x000000008a900000, 0x000000008a900000, 0x000000008aa00000|  0%| F|  |TAMS 0x000000008a900000, 0x000000008a900000| Untracked 
| 170|0x000000008aa00000, 0x000000008aa00000, 0x000000008ab00000|  0%| F|  |TAMS 0x000000008aa00000, 0x000000008aa00000| Untracked 
| 171|0x000000008ab00000, 0x000000008ab00000, 0x000000008ac00000|  0%| F|  |TAMS 0x000000008ab00000, 0x000000008ab00000| Untracked 
| 172|0x000000008ac00000, 0x000000008ac00000, 0x000000008ad00000|  0%| F|  |TAMS 0x000000008ac00000, 0x000000008ac00000| Untracked 
| 173|0x000000008ad00000, 0x000000008ad00000, 0x000000008ae00000|  0%| F|  |TAMS 0x000000008ad00000, 0x000000008ad00000| Untracked 
| 174|0x000000008ae00000, 0x000000008ae00000, 0x000000008af00000|  0%| F|  |TAMS 0x000000008ae00000, 0x000000008ae00000| Untracked 
| 175|0x000000008af00000, 0x000000008af00000, 0x000000008b000000|  0%| F|  |TAMS 0x000000008af00000, 0x000000008af00000| Untracked 
| 176|0x000000008b000000, 0x000000008b000000, 0x000000008b100000|  0%| F|  |TAMS 0x000000008b000000, 0x000000008b000000| Untracked 
| 177|0x000000008b100000, 0x000000008b100000, 0x000000008b200000|  0%| F|  |TAMS 0x000000008b100000, 0x000000008b100000| Untracked 
| 178|0x000000008b200000, 0x000000008b200000, 0x000000008b300000|  0%| F|  |TAMS 0x000000008b200000, 0x000000008b200000| Untracked 
| 179|0x000000008b300000, 0x000000008b300000, 0x000000008b400000|  0%| F|  |TAMS 0x000000008b300000, 0x000000008b300000| Untracked 
| 180|0x000000008b400000, 0x000000008b4bca48, 0x000000008b500000| 73%| E|  |TAMS 0x000000008b400000, 0x000000008b400000| Complete 
| 181|0x000000008b500000, 0x000000008b600000, 0x000000008b600000|100%| E|  |TAMS 0x000000008b500000, 0x000000008b500000| Complete 
| 182|0x000000008b600000, 0x000000008b700000, 0x000000008b700000|100%| E|CS|TAMS 0x000000008b600000, 0x000000008b600000| Complete 
| 183|0x000000008b700000, 0x000000008b800000, 0x000000008b800000|100%| E|CS|TAMS 0x000000008b700000, 0x000000008b700000| Complete 
| 184|0x000000008b800000, 0x000000008b900000, 0x000000008b900000|100%| E|CS|TAMS 0x000000008b800000, 0x000000008b800000| Complete 
| 185|0x000000008b900000, 0x000000008ba00000, 0x000000008ba00000|100%| E|CS|TAMS 0x000000008b900000, 0x000000008b900000| Complete 
| 186|0x000000008ba00000, 0x000000008bb00000, 0x000000008bb00000|100%| E|CS|TAMS 0x000000008ba00000, 0x000000008ba00000| Complete 
| 187|0x000000008bb00000, 0x000000008bc00000, 0x000000008bc00000|100%| E|CS|TAMS 0x000000008bb00000, 0x000000008bb00000| Complete 

Card table byte_map: [0x00000202edc30000,0x00000202ee030000] _byte_map_base: 0x00000202ed830000

Marking Bits (Prev, Next): (CMBitMap*) 0x00000202d8b1d558, (CMBitMap*) 0x00000202d8b1d590
 Prev Bits: [0x00000202ee430000, 0x00000202f0430000)
 Next Bits: [0x00000202f0430000, 0x00000202f2430000)

Polling page: 0x00000202d89b0000

Metaspace:

Usage:
  Non-class:    103.55 MB capacity,   101.62 MB ( 98%) used,     1.64 MB (  2%) free+waste,   302.13 KB ( <1%) overhead. 
      Class:     14.90 MB capacity,    13.94 MB ( 94%) used,   856.92 KB (  6%) free+waste,   131.69 KB ( <1%) overhead. 
       Both:    118.45 MB capacity,   115.56 MB ( 98%) used,     2.47 MB (  2%) free+waste,   433.81 KB ( <1%) overhead. 

Virtual space:
  Non-class space:      104.00 MB reserved,     103.65 MB (>99%) committed 
      Class space:        1.00 GB reserved,      15.00 MB (  1%) committed 
             Both:        1.10 GB reserved,     118.65 MB ( 11%) committed 

Chunk freelists:
   Non-Class:  40.00 KB
       Class:  3.00 KB
        Both:  43.00 KB

MaxMetaspaceSize: 17179869184.00 GB
CompressedClassSpaceSize: 1.00 GB
Initial GC threshold: 20.80 MB
Current GC threshold: 182.13 MB
CDS: off

CodeHeap 'non-profiled nmethods': size=120000Kb used=11398Kb max_used=11398Kb free=108601Kb
 bounds [0x00000202e5880000, 0x00000202e63f0000, 0x00000202ecdb0000]
CodeHeap 'profiled nmethods': size=120000Kb used=38543Kb max_used=38543Kb free=81456Kb
 bounds [0x00000202de350000, 0x00000202e0900000, 0x00000202e5880000]
CodeHeap 'non-nmethods': size=5760Kb used=2540Kb max_used=2607Kb free=3220Kb
 bounds [0x00000202dddb0000, 0x00000202de050000, 0x00000202de350000]
 total_blobs=17806 nmethods=16729 adapters=988
 compilation: enabled
              stopped_count=0, restarted_count=0
 full_count=0

Compilation events (20 events):
Event: 183.844 Thread 0x00000202f57ce000 17708       2       java.util.stream.StreamSpliterators$WrappingSpliterator$$Lambda$467/0x0000000100976040::<init> (10 bytes)
Event: 183.844 Thread 0x00000202f57ce000 nmethod 17708 0x00000202e08f2110 code [0x00000202e08f22c0, 0x00000202e08f23f8]
Event: 183.847 Thread 0x00000202f57ce000 17709       2       org.gradle.api.internal.artifacts.transform.DefaultTransformerInvocationFactory$TransformerExecution$$Lambda$739/0x0000000100bcfc40::<init> (26 bytes)
Event: 183.847 Thread 0x00000202f57ce000 nmethod 17709 0x00000202e08f2490 code [0x00000202e08f2640, 0x00000202e08f28b8]
Event: 183.847 Thread 0x00000202f57ce000 17710       2       org.gradle.api.internal.artifacts.transform.DefaultTransformerInvocationFactory$TransformerExecution::lambda$writeResultsFile$1 (23 bytes)
Event: 183.848 Thread 0x00000202f57ce000 nmethod 17710 0x00000202e08f2990 code [0x00000202e08f2b80, 0x00000202e08f2ec8]
Event: 183.851 Thread 0x00000202f57ce000 17711       2       org.gradle.api.internal.artifacts.transform.DefaultTransformerInvocationFactory$TransformerExecution$$Lambda$739/0x0000000100bcfc40::get$Lambda (12 bytes)
Event: 183.851 Thread 0x00000202f57ce000 nmethod 17711 0x00000202e08f3090 code [0x00000202e08f3240, 0x00000202e08f34f8]
Event: 183.851 Thread 0x00000202f57ce000 17712       2       org.gradle.api.internal.artifacts.transform.DefaultTransformerInvocationFactory$TransformerExecution$$Lambda$743/0x0000000100bd8440::get$Lambda (10 bytes)
Event: 183.852 Thread 0x00000202f57ce000 nmethod 17712 0x00000202e08f3590 code [0x00000202e08f3740, 0x00000202e08f3938]
Event: 183.853 Thread 0x00000202f57ce000 17713       2       org.gradle.api.internal.artifacts.transform.DefaultTransformerInvocationFactory$TransformerExecution$$Lambda$745/0x0000000100bd8c40::iterator (10 bytes)
Event: 183.853 Thread 0x00000202f57ce000 nmethod 17713 0x00000202e08f3a10 code [0x00000202e08f3bc0, 0x00000202e08f3ce8]
Event: 183.875 Thread 0x00000202f57ce000 17714       2       com.android.builder.packaging.JarMerger$$Lambda$866/0x0000000100cac840::test (8 bytes)
Event: 183.875 Thread 0x00000202f57ce000 nmethod 17714 0x00000202e08f3d90 code [0x00000202e08f3f40, 0x00000202e08f40c8]
Event: 183.875 Thread 0x00000202f57ce000 17715       2       com.android.builder.packaging.JarMerger::lambda$static$0 (7 bytes)
Event: 183.876 Thread 0x00000202f57ce000 nmethod 17715 0x00000202e08f4210 code [0x00000202e08f43c0, 0x00000202e08f44e8]
Event: 183.876 Thread 0x00000202f57ce000 17716       2       org.gradle.api.internal.artifacts.transform.DefaultTransformerInvocationFactory$TransformerExecution::fingerprintAndFilterOutputSnapshots (14 bytes)
Event: 183.877 Thread 0x00000202f57ce000 nmethod 17716 0x00000202e08f4610 code [0x00000202e08f47e0, 0x00000202e08f4a38]
Event: 183.901 Thread 0x00000202f57ce000 17719       2       org.gradle.api.internal.changedetection.state.JdkZipEntry::isDirectory (8 bytes)
Event: 183.901 Thread 0x00000202f57ce000 nmethod 17719 0x00000202e08f4b90 code [0x00000202e08f4d40, 0x00000202e08f4e68]

GC Heap History (20 events):
Event: 178.104 GC heap before
{Heap before GC invocations=44 (full 0):
 garbage-first heap   total 192512K, used 127431K [0x0000000080000000, 0x0000000100000000)
  region size 1024K, 9 young (9216K), 1 survivors (1024K)
 Metaspace       used 108942K, capacity 111684K, committed 111900K, reserved 1146880K
  class space    used 13188K, capacity 14119K, committed 14208K, reserved 1048576K
}
Event: 178.110 GC heap after
{Heap after GC invocations=45 (full 0):
 garbage-first heap   total 192512K, used 115245K [0x0000000080000000, 0x0000000100000000)
  region size 1024K, 1 young (1024K), 1 survivors (1024K)
 Metaspace       used 108942K, capacity 111684K, committed 111900K, reserved 1146880K
  class space    used 13188K, capacity 14119K, committed 14208K, reserved 1048576K
}
Event: 178.517 GC heap before
{Heap before GC invocations=45 (full 0):
 garbage-first heap   total 192512K, used 154157K [0x0000000080000000, 0x0000000100000000)
  region size 1024K, 39 young (39936K), 1 survivors (1024K)
 Metaspace       used 108945K, capacity 111684K, committed 111900K, reserved 1146880K
  class space    used 13188K, capacity 14119K, committed 14208K, reserved 1048576K
}
Event: 178.523 GC heap after
{Heap after GC invocations=46 (full 0):
 garbage-first heap   total 192512K, used 117550K [0x0000000080000000, 0x0000000100000000)
  region size 1024K, 4 young (4096K), 4 survivors (4096K)
 Metaspace       used 108945K, capacity 111684K, committed 111900K, reserved 1146880K
  class space    used 13188K, capacity 14119K, committed 14208K, reserved 1048576K
}
Event: 178.934 GC heap before
{Heap before GC invocations=46 (full 0):
 garbage-first heap   total 192512K, used 155438K [0x0000000080000000, 0x0000000100000000)
  region size 1024K, 41 young (41984K), 4 survivors (4096K)
 Metaspace       used 108946K, capacity 111684K, committed 111900K, reserved 1146880K
  class space    used 13188K, capacity 14119K, committed 14208K, reserved 1048576K
}
Event: 178.939 GC heap after
{Heap after GC invocations=47 (full 0):
 garbage-first heap   total 192512K, used 117957K [0x0000000080000000, 0x0000000100000000)
  region size 1024K, 4 young (4096K), 4 survivors (4096K)
 Metaspace       used 108946K, capacity 111684K, committed 111900K, reserved 1146880K
  class space    used 13188K, capacity 14119K, committed 14208K, reserved 1048576K
}
Event: 179.292 GC heap before
{Heap before GC invocations=47 (full 0):
 garbage-first heap   total 192512K, used 157893K [0x0000000080000000, 0x0000000100000000)
  region size 1024K, 43 young (44032K), 4 survivors (4096K)
 Metaspace       used 108946K, capacity 111684K, committed 111900K, reserved 1146880K
  class space    used 13188K, capacity 14119K, committed 14208K, reserved 1048576K
}
Event: 179.294 GC heap after
{Heap after GC invocations=48 (full 0):
 garbage-first heap   total 192512K, used 118184K [0x0000000080000000, 0x0000000100000000)
  region size 1024K, 4 young (4096K), 4 survivors (4096K)
 Metaspace       used 108946K, capacity 111684K, committed 111900K, reserved 1146880K
  class space    used 13188K, capacity 14119K, committed 14208K, reserved 1048576K
}
Event: 179.922 GC heap before
{Heap before GC invocations=48 (full 0):
 garbage-first heap   total 192512K, used 158120K [0x0000000080000000, 0x0000000100000000)
  region size 1024K, 43 young (44032K), 4 survivors (4096K)
 Metaspace       used 110727K, capacity 113538K, committed 113692K, reserved 1148928K
  class space    used 13430K, capacity 14376K, committed 14464K, reserved 1048576K
}
Event: 179.925 GC heap after
{Heap after GC invocations=49 (full 0):
 garbage-first heap   total 192512K, used 114232K [0x0000000080000000, 0x0000000100000000)
  region size 1024K, 2 young (2048K), 2 survivors (2048K)
 Metaspace       used 110727K, capacity 113538K, committed 113692K, reserved 1148928K
  class space    used 13430K, capacity 14376K, committed 14464K, reserved 1048576K
}
Event: 181.561 GC heap before
{Heap before GC invocations=49 (full 0):
 garbage-first heap   total 192512K, used 160312K [0x0000000080000000, 0x0000000100000000)
  region size 1024K, 46 young (47104K), 2 survivors (2048K)
 Metaspace       used 116151K, capacity 119049K, committed 119196K, reserved 1153024K
  class space    used 14063K, capacity 14999K, committed 15104K, reserved 1048576K
}
Event: 181.574 GC heap after
{Heap after GC invocations=50 (full 0):
 garbage-first heap   total 192512K, used 124358K [0x0000000080000000, 0x0000000100000000)
  region size 1024K, 6 young (6144K), 6 survivors (6144K)
 Metaspace       used 116151K, capacity 119049K, committed 119196K, reserved 1153024K
  class space    used 14063K, capacity 14999K, committed 15104K, reserved 1048576K
}
Event: 182.492 GC heap before
{Heap before GC invocations=50 (full 0):
 garbage-first heap   total 192512K, used 158150K [0x0000000080000000, 0x0000000100000000)
  region size 1024K, 41 young (41984K), 6 survivors (6144K)
 Metaspace       used 118090K, capacity 121036K, committed 121244K, reserved 1155072K
  class space    used 14261K, capacity 15254K, committed 15360K, reserved 1048576K
}
Event: 182.503 GC heap after
{Heap after GC invocations=51 (full 0):
 garbage-first heap   total 192512K, used 126305K [0x0000000080000000, 0x0000000100000000)
  region size 1024K, 5 young (5120K), 5 survivors (5120K)
 Metaspace       used 118090K, capacity 121036K, committed 121244K, reserved 1155072K
  class space    used 14261K, capacity 15254K, committed 15360K, reserved 1048576K
}
Event: 182.869 GC heap before
{Heap before GC invocations=51 (full 0):
 garbage-first heap   total 192512K, used 159073K [0x0000000080000000, 0x0000000100000000)
  region size 1024K, 38 young (38912K), 5 survivors (5120K)
 Metaspace       used 118125K, capacity 121106K, committed 121244K, reserved 1155072K
  class space    used 14262K, capacity 15255K, committed 15360K, reserved 1048576K
}
Event: 182.876 GC heap after
{Heap after GC invocations=52 (full 0):
 garbage-first heap   total 192512K, used 127908K [0x0000000080000000, 0x0000000100000000)
  region size 1024K, 2 young (2048K), 2 survivors (2048K)
 Metaspace       used 118125K, capacity 121106K, committed 121244K, reserved 1155072K
  class space    used 14262K, capacity 15255K, committed 15360K, reserved 1048576K
}
Event: 183.169 GC heap before
{Heap before GC invocations=52 (full 0):
 garbage-first heap   total 192512K, used 159652K [0x0000000080000000, 0x0000000100000000)
  region size 1024K, 34 young (34816K), 2 survivors (2048K)
 Metaspace       used 118128K, capacity 121106K, committed 121244K, reserved 1155072K
  class space    used 14262K, capacity 15255K, committed 15360K, reserved 1048576K
}
Event: 183.172 GC heap after
{Heap after GC invocations=53 (full 0):
 garbage-first heap   total 192512K, used 128912K [0x0000000080000000, 0x0000000100000000)
  region size 1024K, 3 young (3072K), 3 survivors (3072K)
 Metaspace       used 118128K, capacity 121106K, committed 121244K, reserved 1155072K
  class space    used 14262K, capacity 15255K, committed 15360K, reserved 1048576K
}
Event: 183.869 GC heap before
{Heap before GC invocations=53 (full 0):
 garbage-first heap   total 192512K, used 160656K [0x0000000080000000, 0x0000000100000000)
  region size 1024K, 35 young (35840K), 3 survivors (3072K)
 Metaspace       used 118301K, capacity 121281K, committed 121500K, reserved 1155072K
  class space    used 14267K, capacity 15258K, committed 15360K, reserved 1048576K
}
Event: 183.874 GC heap after
{Heap after GC invocations=54 (full 0):
 garbage-first heap   total 192512K, used 129881K [0x0000000080000000, 0x0000000100000000)
  region size 1024K, 3 young (3072K), 3 survivors (3072K)
 Metaspace       used 118301K, capacity 121281K, committed 121500K, reserved 1155072K
  class space    used 14267K, capacity 15258K, committed 15360K, reserved 1048576K
}

Deoptimization events (20 events):
Event: 183.589 Thread 0x00000202febae000 Uncommon trap: trap_request=0xffffff4d fr.pc=0x00000202e61ff5a0 relative=0x0000000000004180
Event: 183.589 Thread 0x00000202febae000 Uncommon trap: reason=unstable_if action=reinterpret pc=0x00000202e61ff5a0 method=com.android.utils.XmlUtils.toXmlAttributeValue(Ljava/lang/String;)Ljava/lang/String; @ 33 c2
Event: 183.589 Thread 0x00000202febae000 DEOPT PACKING pc=0x00000202e61ff5a0 sp=0x0000006fe81faef0
Event: 183.589 Thread 0x00000202febae000 DEOPT UNPACKING pc=0x00000202dddb85af sp=0x0000006fe81fae48 mode 2
Event: 183.589 Thread 0x00000202febae000 Uncommon trap: trap_request=0xffffff4d fr.pc=0x00000202e6203548 relative=0x0000000000008128
Event: 183.589 Thread 0x00000202febae000 Uncommon trap: reason=unstable_if action=reinterpret pc=0x00000202e6203548 method=com.android.utils.XmlUtils.append(Lcom/android/utils/XmlUtils$PositionAwareStringBuilder;Lorg/w3c/dom/Node;Ljava/util/Map;Ljava/util/Set;)V @ 540 c2
Event: 183.589 Thread 0x00000202febae000 DEOPT PACKING pc=0x00000202e6203548 sp=0x0000006fe81fafe0
Event: 183.589 Thread 0x00000202febae000 DEOPT UNPACKING pc=0x00000202dddb85af sp=0x0000006fe81fafc8 mode 2
Event: 183.596 Thread 0x00000202febae000 Uncommon trap: trap_request=0xffffff4d fr.pc=0x00000202e63007d8 relative=0x0000000000002c58
Event: 183.596 Thread 0x00000202febae000 Uncommon trap: reason=unstable_if action=reinterpret pc=0x00000202e63007d8 method=com.google.common.collect.ImmutableSortedSet.construct(Ljava/util/Comparator;I[Ljava/lang/Object;)Lcom/google/common/collect/ImmutableSortedSet; @ 85 c2
Event: 183.596 Thread 0x00000202febae000 DEOPT PACKING pc=0x00000202e63007d8 sp=0x0000006fe81fd880
Event: 183.596 Thread 0x00000202febae000 DEOPT UNPACKING pc=0x00000202dddb85af sp=0x0000006fe81fd8c8 mode 2
Event: 183.621 Thread 0x00000202febae000 Uncommon trap: trap_request=0xffffffd6 fr.pc=0x00000202e638c608 relative=0x00000000000007a8
Event: 183.621 Thread 0x00000202febae000 Uncommon trap: reason=array_check action=maybe_recompile pc=0x00000202e638c608 method=java.util.ComparableTimSort.binarySort([Ljava/lang/Object;III)V @ 193 c2
Event: 183.621 Thread 0x00000202febae000 DEOPT PACKING pc=0x00000202e638c608 sp=0x0000006fe81fb320
Event: 183.621 Thread 0x00000202febae000 DEOPT UNPACKING pc=0x00000202dddb85af sp=0x0000006fe81fb2c0 mode 2
Event: 183.862 Thread 0x00000202f7795000 Uncommon trap: trap_request=0xffffffd6 fr.pc=0x00000202e638c608 relative=0x00000000000007a8
Event: 183.862 Thread 0x00000202f7795000 Uncommon trap: reason=array_check action=maybe_recompile pc=0x00000202e638c608 method=java.util.ComparableTimSort.binarySort([Ljava/lang/Object;III)V @ 193 c2
Event: 183.862 Thread 0x00000202f7795000 DEOPT PACKING pc=0x00000202e638c608 sp=0x0000006fe7efc720
Event: 183.862 Thread 0x00000202f7795000 DEOPT UNPACKING pc=0x00000202dddb85af sp=0x0000006fe7efc6c0 mode 2

Classes redefined (0 events):
No events

Internal exceptions (20 events):
Event: 181.781 Thread 0x00000202febab800 Exception <a 'sun/nio/fs/WindowsException'{0x000000008b431c40}> (0x000000008b431c40) thrown at [./src/hotspot/share/prims/jni.cpp, line 615]
Event: 181.798 Thread 0x00000202febab800 Implicit null exception at 0x00000202e5a5d77b to 0x00000202e5a6012c
Event: 181.868 Thread 0x00000202febab800 Exception <a 'sun/nio/fs/WindowsException'{0x000000008b2f8c48}> (0x000000008b2f8c48) thrown at [./src/hotspot/share/prims/jni.cpp, line 615]
Event: 181.930 Thread 0x00000202febab800 Exception <a 'sun/nio/fs/WindowsException'{0x000000008b092de8}> (0x000000008b092de8) thrown at [./src/hotspot/share/prims/jni.cpp, line 615]
Event: 181.932 Thread 0x00000202febab800 Exception <a 'sun/nio/fs/WindowsException'{0x000000008b098938}> (0x000000008b098938) thrown at [./src/hotspot/share/prims/jni.cpp, line 615]
Event: 181.943 Thread 0x00000202febab800 Exception <a 'sun/nio/fs/WindowsException'{0x000000008b0b1c50}> (0x000000008b0b1c50) thrown at [./src/hotspot/share/prims/jni.cpp, line 615]
Event: 181.962 Thread 0x00000202febab800 Exception <a 'sun/nio/fs/WindowsException'{0x000000008af21ed8}> (0x000000008af21ed8) thrown at [./src/hotspot/share/prims/jni.cpp, line 615]
Event: 181.966 Thread 0x00000202febab800 Exception <a 'sun/nio/fs/WindowsException'{0x000000008af29fd8}> (0x000000008af29fd8) thrown at [./src/hotspot/share/prims/jni.cpp, line 615]
Event: 182.001 Thread 0x00000202febab800 Exception <a 'sun/nio/fs/WindowsException'{0x000000008afd2710}> (0x000000008afd2710) thrown at [./src/hotspot/share/prims/jni.cpp, line 615]
Event: 182.004 Thread 0x00000202febab800 Exception <a 'sun/nio/fs/WindowsException'{0x000000008afda040}> (0x000000008afda040) thrown at [./src/hotspot/share/prims/jni.cpp, line 615]
Event: 182.011 Thread 0x00000202febab800 Exception <a 'sun/nio/fs/WindowsException'{0x000000008afe6020}> (0x000000008afe6020) thrown at [./src/hotspot/share/prims/jni.cpp, line 615]
Event: 182.029 Thread 0x00000202febab800 Exception <a 'sun/nio/fs/WindowsException'{0x000000008ac1e360}> (0x000000008ac1e360) thrown at [./src/hotspot/share/prims/jni.cpp, line 615]
Event: 182.034 Thread 0x00000202febab800 Exception <a 'sun/nio/fs/WindowsException'{0x000000008ac28950}> (0x000000008ac28950) thrown at [./src/hotspot/share/prims/jni.cpp, line 615]
Event: 182.077 Thread 0x00000202febab800 Exception <a 'java/lang/NoSuchMethodError'{0x000000008acca410}: 'int java.lang.invoke.DirectMethodHandle$Holder.invokeStaticInit(java.lang.Object)'> (0x000000008acca410) thrown at [./src/hotspot/share/interpreter/linkResolver.cpp, line 773]
Event: 183.485 Thread 0x00000202f8180000 Exception <a 'java/lang/NoSuchMethodError'{0x000000008abfc8d0}: <clinit>> (0x000000008abfc8d0) thrown at [./src/hotspot/share/prims/jni.cpp, line 1365]
Event: 183.589 Thread 0x00000202febae000 Implicit null exception at 0x00000202e61fcef6 to 0x00000202e620351c
Event: 183.809 Thread 0x00000202f817a000 Exception <a 'sun/nio/fs/WindowsException'{0x0000000089d13d78}> (0x0000000089d13d78) thrown at [./src/hotspot/share/prims/jni.cpp, line 615]
Event: 183.811 Thread 0x00000202f7794800 Exception <a 'sun/nio/fs/WindowsException'{0x0000000089d2ad78}> (0x0000000089d2ad78) thrown at [./src/hotspot/share/prims/jni.cpp, line 615]
Event: 183.812 Thread 0x00000202febae000 Exception <a 'sun/nio/fs/WindowsException'{0x0000000089d39960}> (0x0000000089d39960) thrown at [./src/hotspot/share/prims/jni.cpp, line 615]
Event: 183.836 Thread 0x00000202f779b000 Exception <a 'sun/nio/fs/WindowsException'{0x0000000089c12fd0}> (0x0000000089c12fd0) thrown at [./src/hotspot/share/prims/jni.cpp, line 615]

Events (20 events):
Event: 183.464 loading class org/gradle/api/internal/tasks/compile/incremental/classpath/ClasspathSnapshot
Event: 183.464 loading class org/gradle/api/internal/tasks/compile/incremental/classpath/ClasspathSnapshot done
Event: 183.466 loading class org/gradle/api/internal/tasks/compile/incremental/recomp/PreviousCompilationData
Event: 183.466 loading class org/gradle/api/internal/tasks/compile/incremental/recomp/PreviousCompilationData done
Event: 183.467 loading class org/gradle/api/internal/tasks/compile/CompileJavaBuildOperationReportingCompiler$Result
Event: 183.467 loading class org/gradle/api/internal/tasks/compile/CompileJavaBuildOperationReportingCompiler$Result done
Event: 183.578 loading class com/android/ide/common/resources/AssetFile
Event: 183.578 loading class com/android/ide/common/resources/AssetFile done
Event: 183.578 Executing VM operation: Deoptimize
Event: 183.583 Executing VM operation: Deoptimize done
Event: 183.585 loading class com/android/ide/common/resources/AssetMerger
Event: 183.585 loading class com/android/ide/common/resources/AssetMerger done
Event: 183.587 loading class com/android/ide/common/resources/MergedAssetWriter
Event: 183.587 loading class com/android/ide/common/resources/MergedAssetWriter done
Event: 183.640 Executing VM operation: RevokeBias
Event: 183.640 Executing VM operation: RevokeBias done
Event: 183.806 Executing VM operation: RevokeBias
Event: 183.806 Executing VM operation: RevokeBias done
Event: 183.863 Executing VM operation: G1CollectForAllocation
Event: 183.874 Executing VM operation: G1CollectForAllocation done


Dynamic libraries:
0x00007ff78c8e0000 - 0x00007ff78c8ea000 	C:\Program Files\Android\Android Studio\jre\bin\java.exe
0x00007ffb73250000 - 0x00007ffb73445000 	C:\WINDOWS\SYSTEM32\ntdll.dll
0x00007ffb712c0000 - 0x00007ffb7137d000 	C:\WINDOWS\System32\KERNEL32.DLL
0x00007ffb70e70000 - 0x00007ffb7113d000 	C:\WINDOWS\System32\KERNELBASE.dll
0x00007ffb70960000 - 0x00007ffb70a60000 	C:\WINDOWS\System32\ucrtbase.dll
0x00007ffb5d050000 - 0x00007ffb5d067000 	C:\Program Files\Android\Android Studio\jre\bin\VCRUNTIME140.dll
0x00007ffb585f0000 - 0x00007ffb58609000 	C:\Program Files\Android\Android Studio\jre\bin\jli.dll
0x00007ffb72dc0000 - 0x00007ffb72f60000 	C:\WINDOWS\System32\USER32.dll
0x00007ffb70bf0000 - 0x00007ffb70c12000 	C:\WINDOWS\System32\win32u.dll
0x00007ffb72010000 - 0x00007ffb7203a000 	C:\WINDOWS\System32\GDI32.dll
0x00007ffb51130000 - 0x00007ffb513ca000 	C:\WINDOWS\WinSxS\amd64_microsoft.windows.common-controls_6595b64144ccf1df_6.0.19041.1110_none_60b5254171f9507e\COMCTL32.dll
0x00007ffb70d60000 - 0x00007ffb70e6b000 	C:\WINDOWS\System32\gdi32full.dll
0x00007ffb70b20000 - 0x00007ffb70bbd000 	C:\WINDOWS\System32\msvcp_win.dll
0x00007ffb72950000 - 0x00007ffb729ee000 	C:\WINDOWS\System32\msvcrt.dll
0x00007ffb729f0000 - 0x00007ffb72a20000 	C:\WINDOWS\System32\IMM32.DLL
0x00007ffb4dcb0000 - 0x00007ffb4dd4d000 	C:\Program Files\Android\Android Studio\jre\bin\msvcp140.dll
0x00007ffb1ad80000 - 0x00007ffb1b865000 	C:\Program Files\Android\Android Studio\jre\bin\server\jvm.dll
0x00007ffb71f60000 - 0x00007ffb7200e000 	C:\WINDOWS\System32\ADVAPI32.dll
0x00007ffb73170000 - 0x00007ffb7320c000 	C:\WINDOWS\System32\sechost.dll
0x00007ffb72c00000 - 0x00007ffb72d25000 	C:\WINDOWS\System32\RPCRT4.dll
0x00007ffb72f60000 - 0x00007ffb72f68000 	C:\WINDOWS\System32\PSAPI.DLL
0x00007ffb53120000 - 0x00007ffb53147000 	C:\WINDOWS\SYSTEM32\WINMM.dll
0x00007ffb69bb0000 - 0x00007ffb69bb9000 	C:\WINDOWS\SYSTEM32\WSOCK32.dll
0x00007ffb6a130000 - 0x00007ffb6a13a000 	C:\WINDOWS\SYSTEM32\VERSION.dll
0x00007ffb72f70000 - 0x00007ffb72fdb000 	C:\WINDOWS\System32\WS2_32.dll
0x00007ffb6f220000 - 0x00007ffb6f232000 	C:\WINDOWS\SYSTEM32\kernel.appcore.dll
0x00007ffb58ba0000 - 0x00007ffb58bb1000 	C:\Program Files\Android\Android Studio\jre\bin\verify.dll
0x00007ffb6e760000 - 0x00007ffb6e944000 	C:\WINDOWS\SYSTEM32\DBGHELP.DLL
0x00007ffb5d850000 - 0x00007ffb5d87c000 	C:\WINDOWS\SYSTEM32\dbgcore.DLL
0x00007ffb70c20000 - 0x00007ffb70ca2000 	C:\WINDOWS\System32\bcryptPrimitives.dll
0x00007ffb58040000 - 0x00007ffb58069000 	C:\Program Files\Android\Android Studio\jre\bin\java.dll
0x00007ffb5d040000 - 0x00007ffb5d04b000 	C:\Program Files\Android\Android Studio\jre\bin\jimage.dll
0x00007ffb48610000 - 0x00007ffb48628000 	C:\Program Files\Android\Android Studio\jre\bin\zip.dll
0x00007ffb71810000 - 0x00007ffb71f54000 	C:\WINDOWS\System32\SHELL32.dll
0x00007ffb6ea40000 - 0x00007ffb6f1d4000 	C:\WINDOWS\SYSTEM32\windows.storage.dll
0x00007ffb724e0000 - 0x00007ffb72834000 	C:\WINDOWS\System32\combase.dll
0x00007ffb702f0000 - 0x00007ffb7031c000 	C:\WINDOWS\SYSTEM32\Wldp.dll
0x00007ffb728a0000 - 0x00007ffb7294d000 	C:\WINDOWS\System32\SHCORE.dll
0x00007ffb72840000 - 0x00007ffb72895000 	C:\WINDOWS\System32\shlwapi.dll
0x00007ffb708a0000 - 0x00007ffb708bf000 	C:\WINDOWS\SYSTEM32\profapi.dll
0x00007ffb48400000 - 0x00007ffb4841a000 	C:\Program Files\Android\Android Studio\jre\bin\net.dll
0x00007ffb668e0000 - 0x00007ffb669ea000 	C:\WINDOWS\SYSTEM32\WINHTTP.dll
0x00007ffb70050000 - 0x00007ffb700ba000 	C:\WINDOWS\system32\mswsock.dll
0x00007ffb483e0000 - 0x00007ffb483f4000 	C:\Program Files\Android\Android Studio\jre\bin\nio.dll
0x00007ffb58330000 - 0x00007ffb58356000 	C:\Users\israp\.gradle\native\31\windows-amd64\native-platform.dll
0x00007ffb58750000 - 0x00007ffb5875a000 	C:\Program Files\Android\Android Studio\jre\bin\management.dll
0x00007ffb56560000 - 0x00007ffb5656d000 	C:\Program Files\Android\Android Studio\jre\bin\management_ext.dll
0x00007ffb70250000 - 0x00007ffb70268000 	C:\WINDOWS\SYSTEM32\CRYPTSP.dll
0x00007ffb6f9d0000 - 0x00007ffb6fa04000 	C:\WINDOWS\system32\rsaenh.dll
0x00007ffb70bc0000 - 0x00007ffb70be7000 	C:\WINDOWS\System32\bcrypt.dll
0x00007ffb70860000 - 0x00007ffb7088e000 	C:\WINDOWS\SYSTEM32\USERENV.dll
0x00007ffb70240000 - 0x00007ffb7024c000 	C:\WINDOWS\SYSTEM32\CRYPTBASE.dll
0x00007ffb6fd40000 - 0x00007ffb6fd7b000 	C:\WINDOWS\SYSTEM32\IPHLPAPI.DLL
0x00007ffb71800000 - 0x00007ffb71808000 	C:\WINDOWS\System32\NSI.dll
0x00007ffb69680000 - 0x00007ffb69697000 	C:\WINDOWS\SYSTEM32\dhcpcsvc6.DLL
0x00007ffb69ff0000 - 0x00007ffb6a00d000 	C:\WINDOWS\SYSTEM32\dhcpcsvc.DLL
0x00007ffb6fd80000 - 0x00007ffb6fe4b000 	C:\WINDOWS\SYSTEM32\DNSAPI.dll
0x00007ffb40d80000 - 0x00007ffb40da7000 	C:\Program Files\Android\Android Studio\jre\bin\sunec.dll
0x00007ffb66770000 - 0x00007ffb6677a000 	C:\Windows\System32\rasadhlp.dll
0x00007ffb65ec0000 - 0x00007ffb65f40000 	C:\WINDOWS\System32\fwpuclnt.dll
0x00007ffb6f660000 - 0x00007ffb6f693000 	C:\WINDOWS\SYSTEM32\ntmarta.dll
0x00007ffb280f0000 - 0x00007ffb28295000 	C:\Program Files\Android\Android Studio\jre\bin\awt.dll
0x00007ffb72b30000 - 0x00007ffb72bfd000 	C:\WINDOWS\System32\OLEAUT32.dll
0x00007ffb6e1d0000 - 0x00007ffb6e1ff000 	C:\WINDOWS\SYSTEM32\dwmapi.dll
0x00007ffb6de00000 - 0x00007ffb6de90000 	C:\WINDOWS\SYSTEM32\apphelp.dll
0x00007ffb6dfe0000 - 0x00007ffb6e07e000 	C:\WINDOWS\system32\uxtheme.dll

dbghelp: loaded successfully - version: 4.0.5 - missing functions: none
symbol engine: initialized successfully - sym options: 0x614 - pdb path: .;C:\Program Files\Android\Android Studio\jre\bin;C:\WINDOWS\SYSTEM32;C:\WINDOWS\WinSxS\amd64_microsoft.windows.common-controls_6595b64144ccf1df_6.0.19041.1110_none_60b5254171f9507e;C:\Program Files\Android\Android Studio\jre\bin\server;C:\Users\israp\.gradle\native\31\windows-amd64

VM Arguments:
jvm_args: --add-opens=java.base/java.util=ALL-UNNAMED --add-opens=java.base/java.lang=ALL-UNNAMED --add-opens=java.base/java.lang.invoke=ALL-UNNAMED --add-opens=java.prefs/java.util.prefs=ALL-UNNAMED -Xmx2048m -Dfile.encoding=windows-1252 -Duser.country=ES -Duser.language=es -Duser.variant 
java_command: org.gradle.launcher.daemon.bootstrap.GradleDaemon 6.1.1
java_class_path (initial): C:\Users\israp\.gradle\wrapper\dists\gradle-6.1.1-all\cfmwm155h49vnt3hynmlrsdst\gradle-6.1.1\lib\gradle-launcher-6.1.1.jar
Launcher Type: SUN_STANDARD

[Global flags]
     intx CICompilerCount                          = 4                                         {product} {ergonomic}
     uint ConcGCThreads                            = 2                                         {product} {ergonomic}
     uint G1ConcRefinementThreads                  = 8                                         {product} {ergonomic}
   size_t G1HeapRegionSize                         = 1048576                                   {product} {ergonomic}
    uintx GCDrainStackTargetSize                   = 64                                        {product} {ergonomic}
   size_t InitialHeapSize                          = 197132288                                 {product} {ergonomic}
   size_t MarkStackSize                            = 4194304                                   {product} {ergonomic}
   size_t MaxHeapSize                              = 2147483648                                {product} {command line}
   size_t MaxNewSize                               = 1287651328                                {product} {ergonomic}
   size_t MinHeapDeltaBytes                        = 1048576                                   {product} {ergonomic}
    uintx NonNMethodCodeHeapSize                   = 5836300                                {pd product} {ergonomic}
    uintx NonProfiledCodeHeapSize                  = 122910970                              {pd product} {ergonomic}
    uintx ProfiledCodeHeapSize                     = 122910970                              {pd product} {ergonomic}
    uintx ReservedCodeCacheSize                    = 251658240                              {pd product} {ergonomic}
     bool SegmentedCodeCache                       = true                                      {product} {ergonomic}
     bool UseCompressedClassPointers               = true                                 {lp64_product} {ergonomic}
     bool UseCompressedOops                        = true                                 {lp64_product} {ergonomic}
     bool UseG1GC                                  = true                                      {product} {ergonomic}
     bool UseLargePagesIndividualAllocation        = false                                  {pd product} {ergonomic}

Logging:
Log output configuration:
 #0: stdout all=warning uptime,level,tags
 #1: stderr all=off uptime,level,tags

Environment Variables:
JAVA_HOME=C:\Program Files\Java\jdk-18.0.1.1
PATH=C:\Program Files\Common Files\Oracle\Java\javapath;C:\WINDOWS\system32;C:\WINDOWS;C:\WINDOWS\System32\Wbem;C:\WINDOWS\System32\WindowsPowerShell\v1.0\;C:\WINDOWS\System32\OpenSSH\;C:\Program Files\Java\jdk-18.0.1.1\bin;C:\Program Files\PuTTY\;C:\Users\israp\AppData\Local\Programs\Python\Python310\Scripts\;C:\Users\israp\AppData\Local\Programs\Python\Python310\;C:\Users\israp\AppData\Local\Microsoft\WindowsApps;
USERNAME=israp
OS=Windows_NT
PROCESSOR_IDENTIFIER=Intel64 Family 6 Model 126 Stepping 5, GenuineIntel



---------------  S Y S T E M  ---------------

OS: Windows 10 , 64 bit Build 19041 (10.0.19041.1706)
OS uptime: 1 days 4:50 hours

CPU:total 8 (initial active 8) (4 cores per cpu, 2 threads per core) family 6 model 126 stepping 5 microcode 0xa8, cmov, cx8, fxsr, mmx, sse, sse2, sse3, ssse3, sse4.1, sse4.2, popcnt, avx, avx2, aes, clmul, erms, 3dnowpref, lzcnt, ht, tsc, tscinvbit, bmi1, bmi2, adx, evex, sha, fma

Memory: 4k page, system-wide physical 11973M (2468M free)
TotalPageFile size 42417M (AvailPageFile size 10M)
current process WorkingSet (physical memory assigned to process): 547M, peak: 554M
current process commit charge ("private bytes"): 587M, peak: 595M

vm_info: OpenJDK 64-Bit Server VM (11.0.12+7-b1504.28-7817840) for windows-amd64 JRE (11.0.12+7-b1504.28-7817840), built on Oct 13 2021 22:12:33 by "builder" with MS VC++ 14.0 (VS2015)

END.
